<?xml version="1.0" encoding="UTF-8"?>
<!-- Generated by org.testng.reporters.JUnitXMLReporter -->
<testsuite ignored="4" hostname="Himanshus-MacBook-Air.local" failures="0" tests="1" name="Default test" time="14.495" errors="0" timestamp="2022-11-19T11:21:17 IST">
  <testcase classname="TestCases.LoginPageTest" name="validateLogin" time="2.889"/>
  <testcase classname="TestCases.LoginPageTest" name="captureScreenshot" time="0.0">
    <ignored/>
  </testcase> <!-- captureScreenshot -->
  <testcase classname="TestCases.LoginPageTest" name="validateTitle" time="0.0">
    <ignored/>
  </testcase> <!-- validateTitle -->
  <testcase classname="TestCases.LoginPageTest" name="validateLogo" time="0.0">
    <ignored/>
  </testcase> <!-- validateLogo -->
  <testcase classname="TestCases.LoginPageTest" name="validateForgotPassword" time="0.0">
    <ignored/>
  </testcase> <!-- validateForgotPassword -->
</testsuite> <!-- Default test -->
