<?xml version="1.0" encoding="UTF-8"?>
<!-- Generated by org.testng.reporters.JUnitXMLReporter -->
<testsuite ignored="0" hostname="Himanshus-MacBook-Air.local" failures="0" tests="6" name="Test" time="57.733" errors="0" timestamp="2022-11-20T10:38:47 IST">
  <testcase classname="TestCases.DashboardPageTest" name="validateApplyLeaveLauncher" time="0.01"/>
  <testcase classname="TestCases.DashboardPageTest" name="validateAssignLeaveLauncher" time="8.143"/>
  <testcase classname="TestCases.DashboardPageTest" name="validateLeaveListLauncher" time="0.001"/>
  <testcase classname="TestCases.DashboardPageTest" name="validateMyLeaveLauncher" time="0.001"/>
  <testcase classname="TestCases.DashboardPageTest" name="validateMyTimeSheetLauncher" time="0.001"/>
  <testcase classname="TestCases.DashboardPageTest" name="validateTimeSheetLauncher" time="0.003"/>
</testsuite> <!-- Test -->
