<?xml version="1.0" encoding="UTF-8"?>
<!-- Generated by org.testng.reporters.JUnitXMLReporter -->
<testsuite ignored="0" hostname="Himanshus-MacBook-Air.local" failures="0" tests="6" name="TestDemo" time="8.356" errors="0" timestamp="2022-11-07T23:27:50 IST">
  <testcase classname="TestNGMaven.AnnotationsDemo" name="titlelogo" time="8.261"/>
  <testcase classname="TestNGMaven.AnnotationsDemo" name="alpha" time="0.003"/>
  <testcase classname="TestNGMaven.AnnotationsDemo" name="charlie" time="0.001"/>
  <testcase classname="TestNGMaven.AnnotationsDemo" name="bravo" time="0.001"/>
  <testcase classname="TestNGMaven.TestVerify" name="validateLogo" time="0.002"/>
  <testcase classname="TestNGMaven.TestVerify" name="validateTitle" time="0.003"/>
</testsuite> <!-- TestDemo -->
