<?xml version="1.0" encoding="UTF-8"?>
<!-- Generated by org.testng.reporters.JUnitXMLReporter -->
<testsuite ignored="0" hostname="Himanshus-MacBook-Air.local" failures="0" tests="4" name="Test1" time="5.562" errors="0" timestamp="2022-11-07T23:44:07 IST">
  <testcase classname="TestNGMaven.AnnotationsDemo" name="titlelogo" time="5.494"/>
  <testcase classname="TestNGMaven.AnnotationsDemo" name="alpha" time="0.002"/>
  <testcase classname="TestNGMaven.AnnotationsDemo" name="charlie" time="0.001"/>
  <testcase classname="TestNGMaven.AnnotationsDemo" name="bravo" time="0.001"/>
</testsuite> <!-- Test1 -->
