<?xml version="1.0" encoding="UTF-8"?>
<!-- Generated by org.testng.reporters.JUnitXMLReporter -->
<testsuite ignored="0" hostname="Himanshus-MacBook-Air.local" failures="0" tests="3" name="Default test" time="14.579" errors="0" timestamp="2022-11-13T09:52:27 IST">
  <testcase classname="TestNGMaven.DataProviderDemo" name="loginTest" time="5.536"/>
  <testcase classname="TestNGMaven.DataProviderDemo" name="loginTest" time="3.776"/>
  <testcase classname="TestNGMaven.DataProviderDemo" name="loginTest" time="3.801"/>
</testsuite> <!-- Default test -->
