<?xml version="1.0" encoding="UTF-8"?>
<!-- Generated by org.testng.reporters.JUnitXMLReporter -->
<testsuite ignored="0" hostname="Himanshus-MacBook-Air.local" failures="0" tests="6" name="Test" time="76.793" errors="0" timestamp="2022-11-20T11:37:36 IST">
  <testcase classname="TestCases.DashboardPageTest" name="validateApplyLeaveLauncher" time="0.004"/>
  <testcase classname="TestCases.DashboardPageTest" name="validateAssignLeaveLauncher" time="8.471"/>
  <testcase classname="TestCases.DashboardPageTest" name="validateLeaveListLauncher" time="0.001"/>
  <testcase classname="TestCases.DashboardPageTest" name="validateMyLeaveLauncher" time="0.0"/>
  <testcase classname="TestCases.DashboardPageTest" name="validateMyTimeSheetLauncher" time="0.002"/>
  <testcase classname="TestCases.DashboardPageTest" name="validateTimeSheetLauncher" time="0.001"/>
</testsuite> <!-- Test -->
