<?xml version="1.0" encoding="UTF-8"?>
<!-- Generated by org.testng.reporters.JUnitXMLReporter -->
<testsuite ignored="0" hostname="Himanshus-MacBook-Air.local" failures="0" tests="6" name="Test" time="5.215" errors="0" timestamp="2022-11-08T15:29:14 IST">
  <testcase classname="TestNGMaven.AnnotationsDemo" name="titlelogo" time="5.118"/>
  <testcase classname="TestNGMaven.AnnotationsDemo" name="alpha" time="0.005"/>
  <testcase classname="TestNGMaven.AnnotationsDemo" name="charlie" time="0.001"/>
  <testcase classname="TestNGMaven.AnnotationsDemo" name="bravo" time="0.006"/>
  <testcase classname="TestNGMaven.TestVerify" name="validateLogo" time="0.005"/>
  <testcase classname="TestNGMaven.TestVerify" name="validateTitle" time="0.002"/>
</testsuite> <!-- Test -->
