<?xml version="1.0" encoding="UTF-8"?>
<testng-results ignored="0" total="6" passed="6" failed="0" skipped="0">
  <reporter-output>
  </reporter-output>
  <suite started-at="2022-11-20T11:36:19 IST" name="Suite" finished-at="2022-11-20T11:37:35 IST" duration-ms="76793">
    <groups>
    </groups>
    <test started-at="2022-11-20T11:36:19 IST" name="Test" finished-at="2022-11-20T11:37:35 IST" duration-ms="76793">
      <class name="TestCases.DashboardPageTest">
        <test-method is-config="true" signature="browserLaunch()[pri:0, instance:TestCases.DashboardPageTest@1ffe63b9]" started-at="2022-11-20T11:36:19 IST" name="browserLaunch" finished-at="2022-11-20T11:36:36 IST" duration-ms="16914" status="PASS">
          <reporter-output>
          </reporter-output>
        </test-method> <!-- browserLaunch -->
        <test-method signature="validateApplyLeaveLauncher()[pri:0, instance:TestCases.DashboardPageTest@1ffe63b9]" started-at="2022-11-20T11:36:36 IST" name="validateApplyLeaveLauncher" finished-at="2022-11-20T11:36:36 IST" duration-ms="4" status="PASS">
          <reporter-output>
          </reporter-output>
        </test-method> <!-- validateApplyLeaveLauncher -->
        <test-method is-config="true" signature="quit()[pri:0, instance:TestCases.DashboardPageTest@1ffe63b9]" started-at="2022-11-20T11:36:36 IST" name="quit" finished-at="2022-11-20T11:36:36 IST" duration-ms="356" status="PASS">
          <reporter-output>
          </reporter-output>
        </test-method> <!-- quit -->
        <test-method is-config="true" signature="browserLaunch()[pri:0, instance:TestCases.DashboardPageTest@1ffe63b9]" started-at="2022-11-20T11:36:36 IST" name="browserLaunch" finished-at="2022-11-20T11:36:46 IST" duration-ms="9607" status="PASS">
          <reporter-output>
          </reporter-output>
        </test-method> <!-- browserLaunch -->
        <test-method signature="validateAssignLeaveLauncher()[pri:0, instance:TestCases.DashboardPageTest@1ffe63b9]" started-at="2022-11-20T11:36:46 IST" name="validateAssignLeaveLauncher" finished-at="2022-11-20T11:36:54 IST" duration-ms="8471" status="PASS">
          <reporter-output>
          </reporter-output>
        </test-method> <!-- validateAssignLeaveLauncher -->
        <test-method is-config="true" signature="quit()[pri:0, instance:TestCases.DashboardPageTest@1ffe63b9]" started-at="2022-11-20T11:36:54 IST" name="quit" finished-at="2022-11-20T11:36:55 IST" duration-ms="353" status="PASS">
          <reporter-output>
          </reporter-output>
        </test-method> <!-- quit -->
        <test-method is-config="true" signature="browserLaunch()[pri:0, instance:TestCases.DashboardPageTest@1ffe63b9]" started-at="2022-11-20T11:36:55 IST" name="browserLaunch" finished-at="2022-11-20T11:37:04 IST" duration-ms="9749" status="PASS">
          <reporter-output>
          </reporter-output>
        </test-method> <!-- browserLaunch -->
        <test-method signature="validateLeaveListLauncher()[pri:0, instance:TestCases.DashboardPageTest@1ffe63b9]" started-at="2022-11-20T11:37:04 IST" name="validateLeaveListLauncher" finished-at="2022-11-20T11:37:04 IST" duration-ms="1" status="PASS">
          <reporter-output>
          </reporter-output>
        </test-method> <!-- validateLeaveListLauncher -->
        <test-method is-config="true" signature="quit()[pri:0, instance:TestCases.DashboardPageTest@1ffe63b9]" started-at="2022-11-20T11:37:04 IST" name="quit" finished-at="2022-11-20T11:37:05 IST" duration-ms="375" status="PASS">
          <reporter-output>
          </reporter-output>
        </test-method> <!-- quit -->
        <test-method is-config="true" signature="browserLaunch()[pri:0, instance:TestCases.DashboardPageTest@1ffe63b9]" started-at="2022-11-20T11:37:05 IST" name="browserLaunch" finished-at="2022-11-20T11:37:14 IST" duration-ms="9434" status="PASS">
          <reporter-output>
          </reporter-output>
        </test-method> <!-- browserLaunch -->
        <test-method signature="validateMyLeaveLauncher()[pri:0, instance:TestCases.DashboardPageTest@1ffe63b9]" started-at="2022-11-20T11:37:14 IST" name="validateMyLeaveLauncher" finished-at="2022-11-20T11:37:14 IST" duration-ms="0" status="PASS">
          <reporter-output>
          </reporter-output>
        </test-method> <!-- validateMyLeaveLauncher -->
        <test-method is-config="true" signature="quit()[pri:0, instance:TestCases.DashboardPageTest@1ffe63b9]" started-at="2022-11-20T11:37:14 IST" name="quit" finished-at="2022-11-20T11:37:15 IST" duration-ms="330" status="PASS">
          <reporter-output>
          </reporter-output>
        </test-method> <!-- quit -->
        <test-method is-config="true" signature="browserLaunch()[pri:0, instance:TestCases.DashboardPageTest@1ffe63b9]" started-at="2022-11-20T11:37:15 IST" name="browserLaunch" finished-at="2022-11-20T11:37:25 IST" duration-ms="10308" status="PASS">
          <reporter-output>
          </reporter-output>
        </test-method> <!-- browserLaunch -->
        <test-method signature="validateMyTimeSheetLauncher()[pri:0, instance:TestCases.DashboardPageTest@1ffe63b9]" started-at="2022-11-20T11:37:25 IST" name="validateMyTimeSheetLauncher" finished-at="2022-11-20T11:37:25 IST" duration-ms="2" status="PASS">
          <reporter-output>
          </reporter-output>
        </test-method> <!-- validateMyTimeSheetLauncher -->
        <test-method is-config="true" signature="quit()[pri:0, instance:TestCases.DashboardPageTest@1ffe63b9]" started-at="2022-11-20T11:37:25 IST" name="quit" finished-at="2022-11-20T11:37:25 IST" duration-ms="343" status="PASS">
          <reporter-output>
          </reporter-output>
        </test-method> <!-- quit -->
        <test-method is-config="true" signature="browserLaunch()[pri:0, instance:TestCases.DashboardPageTest@1ffe63b9]" started-at="2022-11-20T11:37:25 IST" name="browserLaunch" finished-at="2022-11-20T11:37:35 IST" duration-ms="9869" status="PASS">
          <reporter-output>
          </reporter-output>
        </test-method> <!-- browserLaunch -->
        <test-method signature="validateTimeSheetLauncher()[pri:0, instance:TestCases.DashboardPageTest@1ffe63b9]" started-at="2022-11-20T11:37:35 IST" name="validateTimeSheetLauncher" finished-at="2022-11-20T11:37:35 IST" duration-ms="1" status="PASS">
          <reporter-output>
          </reporter-output>
        </test-method> <!-- validateTimeSheetLauncher -->
        <test-method is-config="true" signature="quit()[pri:0, instance:TestCases.DashboardPageTest@1ffe63b9]" started-at="2022-11-20T11:37:35 IST" name="quit" finished-at="2022-11-20T11:37:35 IST" duration-ms="323" status="PASS">
          <reporter-output>
          </reporter-output>
        </test-method> <!-- quit -->
      </class> <!-- TestCases.DashboardPageTest -->
    </test> <!-- Test -->
  </suite> <!-- Suite -->
</testng-results>
